
> mobilif-backend@1.0.0 start:dev
> nest start --watch

[2J[3J[H[[90m1:43:14 PM[0m] Starting compilation in watch mode...

[[90m1:43:17 PM[0m] Found 0 errors. Watching for file changes.

[32m[Nest] 42569  - [39m07/28/2025, 1:43:19 PM [32m    LOG[39m [38;5;3m[NestFactory] [39m[32mStarting Nest application...[39m
[32m[Nest] 42569  - [39m07/28/2025, 1:43:19 PM [32m    LOG[39m [38;5;3m[InstanceLoader] [39m[32mAppModule dependencies initialized[39m[38;5;3m +110ms[39m
[32m[Nest] 42569  - [39m07/28/2025, 1:43:19 PM [32m    LOG[39m [38;5;3m[InstanceLoader] [39m[32mTypeOrmModule dependencies initialized[39m[38;5;3m +1ms[39m
[32m[Nest] 42569  - [39m07/28/2025, 1:43:19 PM [32m    LOG[39m [38;5;3m[InstanceLoader] [39m[32mConfigHostModule dependencies initialized[39m[38;5;3m +0ms[39m
[32m[Nest] 42569  - [39m07/28/2025, 1:43:19 PM [32m    LOG[39m [38;5;3m[InstanceLoader] [39m[32mHealthModule dependencies initialized[39m[38;5;3m +0ms[39m
[32m[Nest] 42569  - [39m07/28/2025, 1:43:19 PM [32m    LOG[39m [38;5;3m[InstanceLoader] [39m[32mConfigModule dependencies initialized[39m[38;5;3m +0ms[39m
[31m[Nest] 42569  - [39m07/28/2025, 1:43:19 PM [31m  ERROR[39m [38;5;3m[TypeOrmModule] [39m[31mUnable to connect to the database. Retrying (1)...[39m
Error: connect ECONNREFUSED ::1:3306
    at __node_internal_captureLargerStackTrace (node:internal/errors:496:5)
    at __node_internal_exceptionWithHostPort (node:internal/errors:671:12)
    at TCPConnectWrap.afterConnect [as oncomplete] (node:net:1555:16)
[31m[Nest] 42569  - [39m07/28/2025, 1:43:22 PM [31m  ERROR[39m [38;5;3m[TypeOrmModule] [39m[31mUnable to connect to the database. Retrying (2)...[39m
Error: connect ECONNREFUSED ::1:3306
    at __node_internal_captureLargerStackTrace (node:internal/errors:496:5)
    at __node_internal_exceptionWithHostPort (node:internal/errors:671:12)
    at TCPConnectWrap.afterConnect [as oncomplete] (node:net:1555:16)
[31m[Nest] 42569  - [39m07/28/2025, 1:43:25 PM [31m  ERROR[39m [38;5;3m[TypeOrmModule] [39m[31mUnable to connect to the database. Retrying (3)...[39m
Error: connect ECONNREFUSED ::1:3306
    at __node_internal_captureLargerStackTrace (node:internal/errors:496:5)
    at __node_internal_exceptionWithHostPort (node:internal/errors:671:12)
    at TCPConnectWrap.afterConnect [as oncomplete] (node:net:1555:16)
[31m[Nest] 42569  - [39m07/28/2025, 1:43:28 PM [31m  ERROR[39m [38;5;3m[TypeOrmModule] [39m[31mUnable to connect to the database. Retrying (4)...[39m
Error: connect ECONNREFUSED ::1:3306
    at __node_internal_captureLargerStackTrace (node:internal/errors:496:5)
    at __node_internal_exceptionWithHostPort (node:internal/errors:671:12)
    at TCPConnectWrap.afterConnect [as oncomplete] (node:net:1555:16)
[31m[Nest] 42569  - [39m07/28/2025, 1:43:31 PM [31m  ERROR[39m [38;5;3m[TypeOrmModule] [39m[31mUnable to connect to the database. Retrying (5)...[39m
Error: connect ECONNREFUSED ::1:3306
    at __node_internal_captureLargerStackTrace (node:internal/errors:496:5)
    at __node_internal_exceptionWithHostPort (node:internal/errors:671:12)
    at TCPConnectWrap.afterConnect [as oncomplete] (node:net:1555:16)
[31m[Nest] 42569  - [39m07/28/2025, 1:43:34 PM [31m  ERROR[39m [38;5;3m[TypeOrmModule] [39m[31mUnable to connect to the database. Retrying (6)...[39m
Error: connect ECONNREFUSED ::1:3306
    at __node_internal_captureLargerStackTrace (node:internal/errors:496:5)
    at __node_internal_exceptionWithHostPort (node:internal/errors:671:12)
    at TCPConnectWrap.afterConnect [as oncomplete] (node:net:1555:16)
[31m[Nest] 42569  - [39m07/28/2025, 1:43:37 PM [31m  ERROR[39m [38;5;3m[TypeOrmModule] [39m[31mUnable to connect to the database. Retrying (7)...[39m
Error: connect ECONNREFUSED ::1:3306
    at __node_internal_captureLargerStackTrace (node:internal/errors:496:5)
    at __node_internal_exceptionWithHostPort (node:internal/errors:671:12)
    at TCPConnectWrap.afterConnect [as oncomplete] (node:net:1555:16)
[31m[Nest] 42569  - [39m07/28/2025, 1:43:40 PM [31m  ERROR[39m [38;5;3m[TypeOrmModule] [39m[31mUnable to connect to the database. Retrying (8)...[39m
Error: connect ECONNREFUSED ::1:3306
    at __node_internal_captureLargerStackTrace (node:internal/errors:496:5)
    at __node_internal_exceptionWithHostPort (node:internal/errors:671:12)
    at TCPConnectWrap.afterConnect [as oncomplete] (node:net:1555:16)
[31m[Nest] 42569  - [39m07/28/2025, 1:43:43 PM [31m  ERROR[39m [38;5;3m[TypeOrmModule] [39m[31mUnable to connect to the database. Retrying (9)...[39m
Error: connect ECONNREFUSED ::1:3306
    at __node_internal_captureLargerStackTrace (node:internal/errors:496:5)
    at __node_internal_exceptionWithHostPort (node:internal/errors:671:12)
    at TCPConnectWrap.afterConnect [as oncomplete] (node:net:1555:16)
[31m[Nest] 42569  - [39m07/28/2025, 1:43:43 PM [31m  ERROR[39m [38;5;3m[ExceptionHandler] [39m[31mconnect ECONNREFUSED ::1:3306[39m
Error: connect ECONNREFUSED ::1:3306
    at __node_internal_captureLargerStackTrace (node:internal/errors:496:5)
    at __node_internal_exceptionWithHostPort (node:internal/errors:671:12)
    at TCPConnectWrap.afterConnect [as oncomplete] (node:net:1555:16)
