[2025-07-28 14:08:15] [HEADER] 🔧 网络连通性诊断
[2025-07-28 14:08:15] [INFO] 测试服务器网络连通性...
[2025-07-28 14:08:17] [INFO] Ping测试成功 - 服务器网络可达
[2025-07-28 14:08:17] [INFO] 测试SSH端口连通性...
[2025-07-28 14:08:17] [INFO] SSH端口(22)连通性正常
[2025-07-28 14:08:17] [INFO] 检测SSH服务响应...
[2025-07-28 14:08:17] [INFO] SSH服务可能存在问题或使用非标准配置
[2025-07-28 14:08:17] [HEADER] 🔑 SSH密钥配置检查
[2025-07-28 14:08:17] [INFO] SSH目录存在
[2025-07-28 14:08:17] [INFO] 检查现有SSH密钥...
[2025-07-28 14:08:17] [INFO] 找到SSH私钥: /Users/tonyfan/.ssh/mobilif_rsa
[2025-07-28 14:08:17] [INFO] SSH私钥验证通过
[2025-07-28 14:08:17] [INFO] 找到SSH公钥: /Users/tonyfan/.ssh/mobilif_rsa.pub
[2025-07-28 14:08:17] [INFO] 公钥指纹: SHA256:hlTJXmEohWmSszgL/R4cmKM9+eBMV6J1kkHpSiD1fAc
[2025-07-28 14:08:17] [HEADER] 🛡️ 服务器配置检查
[2025-07-28 14:08:17] [INFO] 检查本地SSH配置...
[2025-07-28 14:08:17] [INFO] SSH config文件不存在
[2025-07-28 14:08:17] [INFO] 服务器已在known_hosts中
[2025-07-28 14:08:17] [HEADER] 🚀 SSH连接测试
[2025-07-28 14:08:17] [INFO] 测试SSH密钥认证...
[2025-07-28 14:08:17] [INFO] SSH密钥认证失败
[2025-07-28 14:08:17] [INFO] 获取详细连接错误信息...
./scripts/fix-ssh-connection.sh: line 262: timeout: command not found
[2025-07-28 14:08:17] [INFO] 未知连接错误，请检查详细日志
